

*******************************************************************************
Thu Feb  2 17:38:45 2012


FIT:    data read from "gnuplot.data"
        format = z
        #datapoints = 101
        residuals are weighted equally (unit weight)

function used for fitting: f(x)
fitted parameters initialized with current variable values



*******************************************************************************
Thu Feb  2 17:39:19 2012


FIT:    data read from "gnuplot.data"
        format = z
        #datapoints = 101
        residuals are weighted equally (unit weight)

function used for fitting: f(x)
fitted parameters initialized with current variable values



 Iteration 0
 WSSR        : 4.96838e+06       delta(WSSR)/WSSR   : 0
 delta(WSSR) : 0                 limit for stopping : 1e-05
 lambda	  : 1.30234

initial set of free parameter values

a               = 1
b               = 1
c               = 1
d               = 1
e               = 1
f               = 1

After 140 iterations the fit converged.
final sum of squares of residuals : 5965.02
rel. change during last iteration : -9.4373e-06

degrees of freedom    (FIT_NDF)                        : 95
rms of residuals      (FIT_STDFIT) = sqrt(WSSR/ndf)    : 7.924
variance of residuals (reduced chisquare) = WSSR/ndf   : 62.7897

Final set of parameters            Asymptotic Standard Error
=======================            ==========================

a               = -219.857         +/- 21.94        (9.977%)
b               = 255.791          +/- 9.841        (3.847%)
c               = 598.059          +/- 16.72        (2.795%)
d               = -7.71177         +/- 0.3084       (4%)
e               = 34.0848          +/- 19.51        (57.23%)
f               = -1.3824          +/- 0.815        (58.96%)


correlation matrix of the fit parameters:

               a      b      c      d      e      f      
a               1.000 
b               0.198  1.000 
c               0.138  0.189  1.000 
d               0.418  0.454  0.829  1.000 
e              -0.309 -0.349 -0.954 -0.948  1.000 
f               0.276  0.314  0.957  0.898 -0.984  1.000 


*******************************************************************************
Thu Feb  2 17:43:17 2012


FIT:    data read from "gnuplot.data"
        format = z
	y range restricted to [1.00000 : 2.50000]
        #datapoints = 101
        residuals are weighted equally (unit weight)

function used for fitting: f(x)
fitted parameters initialized with current variable values



 Iteration 0
 WSSR        : 1.97029e+06       delta(WSSR)/WSSR   : 0
 delta(WSSR) : 0                 limit for stopping : 1e-05
 lambda	  : 25.3778

initial set of free parameter values

a               = -219.857
b               = 255.791
c               = 598.059
d               = -7.71177
e               = 34.0848
f               = -1.3824
k1              = 1
k2              = 1

After 407 iterations the fit converged.
final sum of squares of residuals : 5912.9
rel. change during last iteration : -9.99845e-06

degrees of freedom    (FIT_NDF)                        : 93
rms of residuals      (FIT_STDFIT) = sqrt(WSSR/ndf)    : 7.97368
variance of residuals (reduced chisquare) = WSSR/ndf   : 63.5796

Final set of parameters            Asymptotic Standard Error
=======================            ==========================

a               = -218.834         +/- 25.34        (11.58%)
b               = 256.838          +/- 12.57        (4.896%)
c               = 627.327          +/- 1.061e+04    (1691%)
d               = -7.53084         +/- 15.55        (206.4%)
e               = 68.7839          +/- 304.4        (442.5%)
f               = 1.25663          +/- 37.99        (3023%)
k1              = 39.9741          +/- 2.767e+04    (6.922e+04%)
k2              = 0.787494         +/- 9.855        (1251%)


correlation matrix of the fit parameters:

               a      b      c      d      e      f      k1     k2     
a               1.000 
b               0.446  1.000 
c               0.446  0.556  1.000 
d               0.459  0.569  0.999  1.000 
e              -0.148 -0.205 -0.684 -0.664  1.000 
f              -0.348 -0.445 -0.958 -0.949  0.858  1.000 
k1             -0.445 -0.555 -1.000 -0.999  0.686  0.959  1.000 
k2              0.331  0.425  0.941  0.931 -0.886 -0.998 -0.942  1.000 


*******************************************************************************
Thu Feb  2 17:44:01 2012


FIT:    data read from "gnuplot.data"
        format = z
	y range restricted to [1.00000 : 2.50000]
        #datapoints = 101
        residuals are weighted equally (unit weight)

function used for fitting: f(x)
fitted parameters initialized with current variable values



 Iteration 0
 WSSR        : 34066.8           delta(WSSR)/WSSR   : 0
 delta(WSSR) : 0                 limit for stopping : 1e-05
 lambda	  : 6.06955

initial set of free parameter values

a               = -218.834
b               = 256.838
c               = 627.327
d               = -7.53084
e               = 68.7839
f               = 1.25663
k1              = 39.9741
k2              = 0.787494

After 53 iterations the fit converged.
final sum of squares of residuals : 11163.7
rel. change during last iteration : -9.95297e-06

degrees of freedom    (FIT_NDF)                        : 93
rms of residuals      (FIT_STDFIT) = sqrt(WSSR/ndf)    : 10.9563
variance of residuals (reduced chisquare) = WSSR/ndf   : 120.04

BREAK:          Singular matrix in Invert_RtR



*******************************************************************************
Thu Feb  2 17:44:09 2012


FIT:    data read from "gnuplot.data"
        format = z
	y range restricted to [1.00000 : 2.50000]
        #datapoints = 101
        residuals are weighted equally (unit weight)

function used for fitting: f(x)
fitted parameters initialized with current variable values



 Iteration 0
 WSSR        : 11163.7           delta(WSSR)/WSSR   : 0
 delta(WSSR) : 0                 limit for stopping : 1e-05
 lambda	  : 7.10457

initial set of free parameter values

a               = -190.752
b               = 277.005
c               = 619.751
d               = -6.73386
e               = 68.7839
f               = 1.25663
k1              = 71.3054
k2              = 0.788282

After 1 iterations the fit converged.
final sum of squares of residuals : 11163.7
rel. change during last iteration : -7.38792e-08

degrees of freedom    (FIT_NDF)                        : 93
rms of residuals      (FIT_STDFIT) = sqrt(WSSR/ndf)    : 10.9563
variance of residuals (reduced chisquare) = WSSR/ndf   : 120.04

BREAK:          Singular matrix in Invert_RtR



*******************************************************************************
Thu Feb  2 17:44:41 2012


FIT:    data read from "gnuplot.data"
        format = z
	y range restricted to [1.00000 : 2.50000]
        #datapoints = 101
        residuals are weighted equally (unit weight)

function used for fitting: f(x)
fitted parameters initialized with current variable values



 Iteration 0
 WSSR        : 11163.7           delta(WSSR)/WSSR   : 0
 delta(WSSR) : 0                 limit for stopping : 1e-05
 lambda	  : 8.98665

initial set of free parameter values

a               = -190.752
b               = 277.005
c               = 619.751
d               = -6.73386
k1              = 71.3082

After 1 iterations the fit converged.
final sum of squares of residuals : 11163.7
rel. change during last iteration : -4.46767e-08

degrees of freedom    (FIT_NDF)                        : 96
rms of residuals      (FIT_STDFIT) = sqrt(WSSR/ndf)    : 10.7837
variance of residuals (reduced chisquare) = WSSR/ndf   : 116.289

Final set of parameters            Asymptotic Standard Error
=======================            ==========================

a               = -190.752         +/- 22.2         (11.64%)
b               = 277.005          +/- 13.2         (4.764%)
c               = 619.751          +/- 616.2        (99.42%)
d               = -6.73386         +/- 1.185        (17.6%)
k1              = 71.31            +/- 5107         (7161%)


correlation matrix of the fit parameters:

               a      b      c      d      k1     
a               1.000 
b               0.164  1.000 
c               0.364  0.395  1.000 
d               0.395  0.423  0.997  1.000 
k1             -0.369 -0.399 -1.000 -0.997  1.000 


*******************************************************************************
Thu Feb  2 17:45:23 2012


FIT:    data read from "gnuplot.data"
        format = z
	y range restricted to [1.00000 : 2.50000]
        #datapoints = 101
        residuals are weighted equally (unit weight)

function used for fitting: f(x)
fitted parameters initialized with current variable values



 Iteration 0
 WSSR        : 2.48107e+07       delta(WSSR)/WSSR   : 0
 delta(WSSR) : 0                 limit for stopping : 1e-05
 lambda	  : 0.449152

initial set of free parameter values

a               = -190.752
b               = 277.005
c               = 619.751
d               = -6.73386
k1              = 71.31

After 17 iterations the fit converged.
final sum of squares of residuals : 56295
rel. change during last iteration : -2.4446e-06

degrees of freedom    (FIT_NDF)                        : 96
rms of residuals      (FIT_STDFIT) = sqrt(WSSR/ndf)    : 24.2158
variance of residuals (reduced chisquare) = WSSR/ndf   : 586.406

BREAK:          Singular matrix in Invert_RtR



*******************************************************************************
Thu Feb  2 17:45:29 2012


FIT:    data read from "gnuplot.data"
        format = z
	y range restricted to [1.00000 : 2.50000]
        #datapoints = 101
        residuals are weighted equally (unit weight)

function used for fitting: f(x)
fitted parameters initialized with current variable values



 Iteration 0
 WSSR        : 56295             delta(WSSR)/WSSR   : 0
 delta(WSSR) : 0                 limit for stopping : 1e-05
 lambda	  : 8.0921

initial set of free parameter values

a               = -8.48274
b               = 677.437
c               = 19.5791
k1              = -129601

After 1 iterations the fit converged.
final sum of squares of residuals : 56295
rel. change during last iteration : -2.14303e-09

degrees of freedom    (FIT_NDF)                        : 97
rms of residuals      (FIT_STDFIT) = sqrt(WSSR/ndf)    : 24.0907
variance of residuals (reduced chisquare) = WSSR/ndf   : 580.361

Final set of parameters            Asymptotic Standard Error
=======================            ==========================

a               = -8.48275         +/- 0.4121       (4.858%)
b               = 677.437          +/- 13.66        (2.016%)
c               = 19.5783          +/- 25.25        (129%)
k1              = -129601          +/- 1.095e+10    (8.448e+06%)


correlation matrix of the fit parameters:

               a      b      c      k1     
a               1.000 
b               0.248  1.000 
c              -0.822 -0.629  1.000 
k1              0.771  0.625 -0.989  1.000 


*******************************************************************************
Thu Feb  2 17:46:19 2012


FIT:    data read from "gnuplot.data"
        format = z
	y range restricted to [1.00000 : 2.50000]
        #datapoints = 101
        residuals are weighted equally (unit weight)

function used for fitting: f(x)
fitted parameters initialized with current variable values



 Iteration 0
 WSSR        : 1.30104e+06       delta(WSSR)/WSSR   : 0
 delta(WSSR) : 0                 limit for stopping : 1e-05
 lambda	  : 32.4687

initial set of free parameter values

a               = -8.48275
b               = 677.437
c               = 19.5783
d               = -6.73386
e               = 68.7839
f               = 1.25663

After 42 iterations the fit converged.
final sum of squares of residuals : 48417.2
rel. change during last iteration : -9.83494e-06

degrees of freedom    (FIT_NDF)                        : 95
rms of residuals      (FIT_STDFIT) = sqrt(WSSR/ndf)    : 22.5755
variance of residuals (reduced chisquare) = WSSR/ndf   : 509.654

Final set of parameters            Asymptotic Standard Error
=======================            ==========================

a               = -11.0449         +/- 10.12        (91.61%)
b               = 570.304          +/- 1468         (257.4%)
c               = 33.7507          +/- 1.691e+08    (5.011e+08%)
d               = -3.12748         +/- 1.779e+05    (5.687e+06%)
e               = 116.623          +/- 1.691e+08    (1.45e+08%)
f               = -3.05507         +/- 5.358e+04    (1.754e+06%)


correlation matrix of the fit parameters:

               a      b      c      d      e      f      
a               1.000 
b               0.991  1.000 
c               0.945  0.977  1.000 
d               0.945  0.977  1.000  1.000 
e              -0.945 -0.977 -1.000 -1.000  1.000 
f               0.944  0.976  1.000  1.000 -1.000  1.000 


*******************************************************************************
Thu Feb  2 17:46:31 2012


FIT:    data read from "gnuplot.data"
        format = z
	y range restricted to [1.00000 : 2.50000]
        #datapoints = 101
        residuals are weighted equally (unit weight)

function used for fitting: f(x)
fitted parameters initialized with current variable values



 Iteration 0
 WSSR        : 48417.2           delta(WSSR)/WSSR   : 0
 delta(WSSR) : 0                 limit for stopping : 1e-05
 lambda	  : 6.00995

initial set of free parameter values

a               = -11.0449
b               = 570.304
c               = 33.7507
d               = -3.12748
e               = 116.623
f               = -3.05507

After 3 iterations the fit converged.
final sum of squares of residuals : 48412.1
rel. change during last iteration : -9.74566e-06

degrees of freedom    (FIT_NDF)                        : 95
rms of residuals      (FIT_STDFIT) = sqrt(WSSR/ndf)    : 22.5743
variance of residuals (reduced chisquare) = WSSR/ndf   : 509.601

Final set of parameters            Asymptotic Standard Error
=======================            ==========================

a               = -11.0442         +/- 9.73         (88.1%)
b               = 569.977          +/- 1386         (243.1%)
c               = 33.8296          +/- 7.649e+06    (2.261e+07%)
d               = -2.9188          +/- 2.158e+04    (7.395e+05%)
e               = 116.703          +/- 7.648e+06    (6.553e+06%)
f               = -3.11842         +/- 6878         (2.206e+05%)


correlation matrix of the fit parameters:

               a      b      c      d      e      f      
a               1.000 
b               0.991  1.000 
c              -0.944 -0.976  1.000 
d               0.942  0.975 -1.000  1.000 
e               0.944  0.976 -1.000  1.000  1.000 
f               0.945  0.978 -1.000  1.000  1.000  1.000 


*******************************************************************************
Thu Feb  2 17:50:29 2012


FIT:    data read from "gnuplot.data"
        format = z
	y range restricted to [1.00000 : 2.50000]
        #datapoints = 101
        residuals are weighted equally (unit weight)

function used for fitting: f(x)
fitted parameters initialized with current variable values



 Iteration 0
 WSSR        : 4.93708e+06       delta(WSSR)/WSSR   : 0
 delta(WSSR) : 0                 limit for stopping : 1e-05
 lambda	  : 1.46168

initial set of free parameter values

a               = 1
b               = 1
c               = 2
d               = 1
e               = 1
f               = 1
BREAK:          Undefined value during function evaluation



*******************************************************************************
Thu Feb  2 17:50:50 2012


FIT:    data read from "gnuplot.data"
        format = z
	y range restricted to [1.00000 : 2.50000]
        #datapoints = 101
        residuals are weighted equally (unit weight)

function used for fitting: f(x)
fitted parameters initialized with current variable values

BREAK:          Undefined value during function evaluation



*******************************************************************************
Thu Feb  2 17:51:14 2012


FIT:    data read from "gnuplot.data"
        format = z
	y range restricted to [1.00000 : 2.50000]
        #datapoints = 101
        residuals are weighted equally (unit weight)

function used for fitting: f(x)
fitted parameters initialized with current variable values



 Iteration 0
 WSSR        : 4.08084e+79       delta(WSSR)/WSSR   : 0
 delta(WSSR) : 0                 limit for stopping : 1e-05
 lambda	  : 3.59493e+38

initial set of free parameter values

a               = 100
b               = 1
c               = 100
d               = 2
e               = 100
f               = 3

After 1 iterations the fit converged.
final sum of squares of residuals : 3.75923e+78
rel. change during last iteration : -9.85553

degrees of freedom    (FIT_NDF)                        : 95
rms of residuals      (FIT_STDFIT) = sqrt(WSSR/ndf)    : 1.98924e+38
variance of residuals (reduced chisquare) = WSSR/ndf   : 3.95708e+76

Final set of parameters            Asymptotic Standard Error
=======================            ==========================

a               = 99.5025          +/- 26.17        (26.3%)
b               = 0.478599         +/- 12.01        (2509%)
c               = 100              +/- 9.496e+37    (9.496e+37%)
d               = 2                +/- 1.944e+36    (9.718e+37%)
e               = 100              +/- 1.082e+38    (1.082e+38%)
f               = 3                +/- 3.242e+36    (1.081e+38%)


correlation matrix of the fit parameters:

               a      b      c      d      e      f      
a               1.000 
b              -1.000  1.000 
c              -0.000  0.000  1.000 
d               0.000 -0.000 -0.995  1.000 
e               0.000 -0.000 -0.943  0.935  1.000 
f              -0.000  0.000  0.942 -0.934 -1.000  1.000 


*******************************************************************************
Thu Feb  2 17:51:44 2012


FIT:    data read from "gnuplot.data"
        format = z
	y range restricted to [1.00000 : 2.50000]
        #datapoints = 101
        residuals are weighted equally (unit weight)

function used for fitting: f(x)
fitted parameters initialized with current variable values



 Iteration 0
 WSSR        : 3.75923e+78       delta(WSSR)/WSSR   : 0
 delta(WSSR) : 0                 limit for stopping : 1e-05
 lambda	  : 1.81055e+38

initial set of free parameter values

a               = 99.5025
b               = 0.478599
c               = 100
d               = 2
e               = 100
f               = 3

After 1 iterations the fit converged.
final sum of squares of residuals : 8.26356e+76
rel. change during last iteration : -44.4917

degrees of freedom    (FIT_NDF)                        : 95
rms of residuals      (FIT_STDFIT) = sqrt(WSSR/ndf)    : 2.94932e+37
variance of residuals (reduced chisquare) = WSSR/ndf   : 8.69848e+74

Final set of parameters            Asymptotic Standard Error
=======================            ==========================

a               = 99.3217          +/- 26.1         (26.28%)
b               = 0.0837328        +/- 2.094        (2501%)
c               = 100              +/- 2.737e+37    (2.737e+37%)
d               = 2                +/- 7.732e+35    (3.866e+37%)
e               = 100              +/- 2.696e+37    (2.696e+37%)
f               = 3                +/- 8.114e+35    (2.705e+37%)


correlation matrix of the fit parameters:

               a      b      c      d      e      f      
a               1.000 
b              -1.000  1.000 
c              -0.000  0.000  1.000 
d               0.000 -0.000 -0.938  1.000 
e               0.000 -0.000 -0.976  0.895  1.000 
f              -0.000  0.000  0.957 -0.945 -0.977  1.000 


*******************************************************************************
Thu Feb  2 17:51:47 2012


FIT:    data read from "gnuplot.data"
        format = z
	y range restricted to [1.00000 : 2.50000]
        #datapoints = 101
        residuals are weighted equally (unit weight)

function used for fitting: f(x)
fitted parameters initialized with current variable values



 Iteration 0
 WSSR        : 8.26356e+76       delta(WSSR)/WSSR   : 0
 delta(WSSR) : 0                 limit for stopping : 1e-05
 lambda	  : 1.39909e+38

initial set of free parameter values

a               = 99.3217
b               = 0.0837328
c               = 100
d               = 2
e               = 100
f               = 3

After 1 iterations the fit converged.
final sum of squares of residuals : 5.2704e+72
rel. change during last iteration : -15678.2

degrees of freedom    (FIT_NDF)                        : 95
rms of residuals      (FIT_STDFIT) = sqrt(WSSR/ndf)    : 2.35537e+35
variance of residuals (reduced chisquare) = WSSR/ndf   : 5.54779e+70

Final set of parameters            Asymptotic Standard Error
=======================            ==========================

a               = 99.315           +/- 26.1         (26.28%)
b               = 0.000672797      +/- 0.01683      (2501%)
c               = 100              +/- 2.44e+35     (2.44e+35%)
d               = 2                +/- 5.093e+33    (2.546e+35%)
e               = 100              +/- 2.547e+35    (2.547e+35%)
f               = 3                +/- 2.936e+33    (9.786e+34%)


correlation matrix of the fit parameters:

               a      b      c      d      e      f      
a               1.000 
b              -1.000  1.000 
c              -0.000  0.000  1.000 
d              -0.000  0.000  0.394  1.000 
e               0.000 -0.000 -0.982 -0.478  1.000 
f              -0.000  0.000  0.360 -0.610 -0.339  1.000 


*******************************************************************************
Thu Feb  2 17:51:48 2012


FIT:    data read from "gnuplot.data"
        format = z
	y range restricted to [1.00000 : 2.50000]
        #datapoints = 101
        residuals are weighted equally (unit weight)

function used for fitting: f(x)
fitted parameters initialized with current variable values



 Iteration 0
 WSSR        : 5.2704e+72        delta(WSSR)/WSSR   : 0
 delta(WSSR) : 0                 limit for stopping : 1e-05
 lambda	  : 1.38612e+38

initial set of free parameter values

a               = 99.315
b               = 0.000672797
c               = 100
d               = 2
e               = 100
f               = 3

After 1 iterations the fit converged.
final sum of squares of residuals : 1.43115e+67
rel. change during last iteration : -368263

degrees of freedom    (FIT_NDF)                        : 95
rms of residuals      (FIT_STDFIT) = sqrt(WSSR/ndf)    : 3.88133e+32
variance of residuals (reduced chisquare) = WSSR/ndf   : 1.50647e+65

Final set of parameters            Asymptotic Standard Error
=======================            ==========================

a               = 99.315           +/- 26.1         (26.28%)
b               = 1.10868e-06      +/- 2.773e-05    (2501%)
c               = 100              +/- 1.946e+32    (1.946e+32%)
d               = 2                +/- 2.297e+30    (1.148e+32%)
e               = 100              +/- 1.669e+32    (1.669e+32%)
f               = 3                +/- 1.151e+30    (3.835e+31%)


correlation matrix of the fit parameters:

               a      b      c      d      e      f      
a               1.000 
b              -1.000  1.000 
c               0.000 -0.000  1.000 
d              -0.000  0.000 -0.066  1.000 
e              -0.000  0.000 -0.940 -0.195  1.000 
f               0.000 -0.000  0.427 -0.393 -0.465  1.000 


*******************************************************************************
Thu Feb  2 17:51:48 2012


FIT:    data read from "gnuplot.data"
        format = z
	y range restricted to [1.00000 : 2.50000]
        #datapoints = 101
        residuals are weighted equally (unit weight)

function used for fitting: f(x)
fitted parameters initialized with current variable values



 Iteration 0
 WSSR        : 1.43115e+67       delta(WSSR)/WSSR   : 0
 delta(WSSR) : 0                 limit for stopping : 1e-05
 lambda	  : 1.38612e+38

initial set of free parameter values

a               = 99.315
b               = 1.10868e-06
c               = 100
d               = 2
e               = 100
f               = 3

After 1 iterations the fit converged.
final sum of squares of residuals : 3.88425e+61
rel. change during last iteration : -368448

degrees of freedom    (FIT_NDF)                        : 95
rms of residuals      (FIT_STDFIT) = sqrt(WSSR/ndf)    : 6.39428e+29
variance of residuals (reduced chisquare) = WSSR/ndf   : 4.08868e+59

Final set of parameters            Asymptotic Standard Error
=======================            ==========================

a               = 99.315           +/- 26.1         (26.28%)
b               = 1.82648e-09      +/- 4.568e-08    (2501%)
c               = 100              +/- 7.273e+29    (7.273e+29%)
d               = 2                +/- 1.04e+28     (5.202e+29%)
e               = 100              +/- 7.568e+29    (7.568e+29%)
f               = 3                +/- 1.912e+27    (6.373e+28%)


correlation matrix of the fit parameters:

               a      b      c      d      e      f      
a               1.000 
b              -1.000  1.000 
c               0.000 -0.000  1.000 
d              -0.000  0.000  0.869  1.000 
e              -0.000  0.000 -0.990 -0.917  1.000 
f               0.000 -0.000  0.405  0.066 -0.386  1.000 


*******************************************************************************
Thu Feb  2 17:51:49 2012


FIT:    data read from "gnuplot.data"
        format = z
	y range restricted to [1.00000 : 2.50000]
        #datapoints = 101
        residuals are weighted equally (unit weight)

function used for fitting: f(x)
fitted parameters initialized with current variable values



 Iteration 0
 WSSR        : 3.88425e+61       delta(WSSR)/WSSR   : 0
 delta(WSSR) : 0                 limit for stopping : 1e-05
 lambda	  : 1.38612e+38

initial set of free parameter values

a               = 99.315
b               = 1.82648e-09
c               = 100
d               = 2
e               = 100
f               = 3

After 1 iterations the fit converged.
final sum of squares of residuals : 1.05422e+56
rel. change during last iteration : -368448

degrees of freedom    (FIT_NDF)                        : 95
rms of residuals      (FIT_STDFIT) = sqrt(WSSR/ndf)    : 1.05342e+27
variance of residuals (reduced chisquare) = WSSR/ndf   : 1.1097e+54

Final set of parameters            Asymptotic Standard Error
=======================            ==========================

a               = 99.315           +/- 26.1         (26.28%)
b               = 3.00903e-12      +/- 7.526e-11    (2501%)
c               = 100              +/- 1.104e+27    (1.104e+27%)
d               = 2                +/- 1.063e+25    (5.314e+26%)
e               = 100              +/- 1.009e+27    (1.009e+27%)
f               = 3                +/- 1.271e+25    (4.235e+26%)


correlation matrix of the fit parameters:

               a      b      c      d      e      f      
a               1.000 
b              -1.000  1.000 
c               0.000 -0.000  1.000 
d               0.000 -0.000 -0.925  1.000 
e              -0.000  0.000 -0.991  0.890  1.000 
f               0.000 -0.000  0.975 -0.939 -0.981  1.000 


*******************************************************************************
Thu Feb  2 17:51:49 2012


FIT:    data read from "gnuplot.data"
        format = z
	y range restricted to [1.00000 : 2.50000]
        #datapoints = 101
        residuals are weighted equally (unit weight)

function used for fitting: f(x)
fitted parameters initialized with current variable values



 Iteration 0
 WSSR        : 1.05422e+56       delta(WSSR)/WSSR   : 0
 delta(WSSR) : 0                 limit for stopping : 1e-05
 lambda	  : 1.38612e+38

initial set of free parameter values

a               = 99.315
b               = 3.00903e-12
c               = 100
d               = 2
e               = 100
f               = 3

After 1 iterations the fit converged.
final sum of squares of residuals : 2.86123e+50
rel. change during last iteration : -368448

degrees of freedom    (FIT_NDF)                        : 95
rms of residuals      (FIT_STDFIT) = sqrt(WSSR/ndf)    : 1.73546e+24
variance of residuals (reduced chisquare) = WSSR/ndf   : 3.01182e+48

Final set of parameters            Asymptotic Standard Error
=======================            ==========================

a               = 99.315           +/- 26.1         (26.28%)
b               = 4.95722e-15      +/- 1.24e-13     (2501%)
c               = 100              +/- 3.31e+23     (3.31e+23%)
d               = 2                +/- 1.093e+22    (5.463e+23%)
e               = 100              +/- 2.525e+23    (2.525e+23%)
f               = 3                +/- 7.643e+21    (2.548e+23%)


correlation matrix of the fit parameters:

               a      b      c      d      e      f      
a               1.000 
b              -1.000  1.000 
c               0.000 -0.000  1.000 
d              -0.000  0.000 -0.937  1.000 
e               0.000 -0.000 -0.788  0.903  1.000 
f               0.000 -0.000  0.791 -0.926 -0.987  1.000 


*******************************************************************************
Thu Feb  2 17:51:50 2012


FIT:    data read from "gnuplot.data"
        format = z
	y range restricted to [1.00000 : 2.50000]
        #datapoints = 101
        residuals are weighted equally (unit weight)

function used for fitting: f(x)
fitted parameters initialized with current variable values



 Iteration 0
 WSSR        : 2.86123e+50       delta(WSSR)/WSSR   : 0
 delta(WSSR) : 0                 limit for stopping : 1e-05
 lambda	  : 1.38612e+38

initial set of free parameter values

a               = 99.315
b               = 4.95722e-15
c               = 100
d               = 2
e               = 100
f               = 3

After 1 iterations the fit converged.
final sum of squares of residuals : 7.7656e+44
rel. change during last iteration : -368448

degrees of freedom    (FIT_NDF)                        : 95
rms of residuals      (FIT_STDFIT) = sqrt(WSSR/ndf)    : 2.85908e+21
variance of residuals (reduced chisquare) = WSSR/ndf   : 8.17432e+42

Final set of parameters            Asymptotic Standard Error
=======================            ==========================

a               = 99.315           +/- 26.1         (26.28%)
b               = 8.16676e-18      +/- 2.043e-16    (2501%)
c               = 100              +/- 1.332e+21    (1.332e+21%)
d               = 2                +/- 3.869e+19    (1.934e+21%)
e               = 100              +/- 9.193e+20    (9.193e+20%)
f               = 3                +/- 2.189e+19    (7.297e+20%)


correlation matrix of the fit parameters:

               a      b      c      d      e      f      
a               1.000 
b              -1.000  1.000 
c               0.000 -0.000  1.000 
d              -0.000  0.000 -0.889  1.000 
e              -0.000  0.000 -0.934  0.744  1.000 
f               0.000 -0.000  0.925 -0.967 -0.866  1.000 


*******************************************************************************
Thu Feb  2 17:51:50 2012


FIT:    data read from "gnuplot.data"
        format = z
	y range restricted to [1.00000 : 2.50000]
        #datapoints = 101
        residuals are weighted equally (unit weight)

function used for fitting: f(x)
fitted parameters initialized with current variable values



 Iteration 0
 WSSR        : 7.7656e+44        delta(WSSR)/WSSR   : 0
 delta(WSSR) : 0                 limit for stopping : 1e-05
 lambda	  : 1.38612e+38

initial set of free parameter values

a               = 99.315
b               = 8.16676e-18
c               = 100
d               = 2
e               = 100
f               = 3

After 1 iterations the fit converged.
final sum of squares of residuals : 2.10765e+39
rel. change during last iteration : -368448

degrees of freedom    (FIT_NDF)                        : 95
rms of residuals      (FIT_STDFIT) = sqrt(WSSR/ndf)    : 4.71017e+18
variance of residuals (reduced chisquare) = WSSR/ndf   : 2.21857e+37

Final set of parameters            Asymptotic Standard Error
=======================            ==========================

a               = 99.315           +/- 26.1         (26.28%)
b               = 1.34543e-20      +/- 3.365e-19    (2501%)
c               = 100              +/- 8.954e+17    (8.954e+17%)
d               = 2                +/- 2.733e+16    (1.366e+18%)
e               = 100              +/- 4.525e+17    (4.525e+17%)
f               = 3                +/- 1.352e+16    (4.507e+17%)


correlation matrix of the fit parameters:

               a      b      c      d      e      f      
a               1.000 
b              -1.000  1.000 
c               0.003 -0.003  1.000 
d              -0.006  0.006 -0.926  1.000 
e              -0.001  0.001 -0.777  0.885  1.000 
f               0.005 -0.005  0.779 -0.935 -0.966  1.000 


*******************************************************************************
Thu Feb  2 17:51:51 2012


FIT:    data read from "gnuplot.data"
        format = z
	y range restricted to [1.00000 : 2.50000]
        #datapoints = 101
        residuals are weighted equally (unit weight)

function used for fitting: f(x)
fitted parameters initialized with current variable values



 Iteration 0
 WSSR        : 2.10765e+39       delta(WSSR)/WSSR   : 0
 delta(WSSR) : 0                 limit for stopping : 1e-05
 lambda	  : 1.38612e+38

initial set of free parameter values

a               = 99.315
b               = 1.34543e-20
c               = 100
d               = 2
e               = 100
f               = 3

After 1 iterations the fit converged.
final sum of squares of residuals : 5.72032e+33
rel. change during last iteration : -368448

degrees of freedom    (FIT_NDF)                        : 95
rms of residuals      (FIT_STDFIT) = sqrt(WSSR/ndf)    : 7.75976e+15
variance of residuals (reduced chisquare) = WSSR/ndf   : 6.02139e+31

Final set of parameters            Asymptotic Standard Error
=======================            ==========================

a               = 99.315           +/- 48.78        (49.11%)
b               = 2.21652e-23      +/- 1.037e-21    (4678%)
c               = 100              +/- 2.551e+15    (2.551e+15%)
d               = 2                +/- 7.17e+13     (3.585e+15%)
e               = 100              +/- 1.74e+15     (1.74e+15%)
f               = 3                +/- 3.476e+13    (1.159e+15%)


correlation matrix of the fit parameters:

               a      b      c      d      e      f      
a               1.000 
b              -1.000  1.000 
c               0.182 -0.182  1.000 
d               0.256 -0.256 -0.849  1.000 
e              -0.439  0.440 -0.856  0.525  1.000 
f              -0.009  0.009  0.937 -0.925 -0.793  1.000 


*******************************************************************************
Thu Feb  2 17:51:52 2012


FIT:    data read from "gnuplot.data"
        format = z
	y range restricted to [1.00000 : 2.50000]
        #datapoints = 101
        residuals are weighted equally (unit weight)

function used for fitting: f(x)
fitted parameters initialized with current variable values



 Iteration 0
 WSSR        : 5.72032e+33       delta(WSSR)/WSSR   : 0
 delta(WSSR) : 0                 limit for stopping : 1e-05
 lambda	  : 1.38612e+38

initial set of free parameter values

a               = 99.315
b               = 2.21652e-23
c               = 100
d               = 2
e               = 100
f               = 3

After 1 iterations the fit converged.
final sum of squares of residuals : 1.55254e+28
rel. change during last iteration : -368448

degrees of freedom    (FIT_NDF)                        : 95
rms of residuals      (FIT_STDFIT) = sqrt(WSSR/ndf)    : 1.27838e+13
variance of residuals (reduced chisquare) = WSSR/ndf   : 1.63425e+26

Final set of parameters            Asymptotic Standard Error
=======================            ==========================

a               = 99.315           +/- 43           (43.3%)
b               = 3.6516e-26       +/- 1.507e-24    (4127%)
c               = 100              +/- 3.983e+14    (3.983e+14%)
d               = 2                +/- 2.634e+12    (1.317e+14%)
e               = 100              +/- 4.006e+14    (4.006e+14%)
f               = 3                +/- 1.586e+12    (5.286e+13%)


correlation matrix of the fit parameters:

               a      b      c      d      e      f      
a               1.000 
b              -1.000  1.000 
c               0.671 -0.671  1.000 
d               0.656 -0.656  0.999  1.000 
e              -0.670  0.670 -1.000 -0.999  1.000 
f               0.679 -0.679  1.000  0.997 -1.000  1.000 


*******************************************************************************
Thu Feb  2 17:51:53 2012


FIT:    data read from "gnuplot.data"
        format = z
	y range restricted to [1.00000 : 2.50000]
        #datapoints = 101
        residuals are weighted equally (unit weight)

function used for fitting: f(x)
fitted parameters initialized with current variable values



 Iteration 0
 WSSR        : 1.55254e+28       delta(WSSR)/WSSR   : 0
 delta(WSSR) : 0                 limit for stopping : 1e-05
 lambda	  : 1.38612e+38

initial set of free parameter values

a               = 99.315
b               = 3.6516e-26
c               = 100
d               = 2
e               = 100
f               = 3

After 1 iterations the fit converged.
final sum of squares of residuals : 4.21372e+22
rel. change during last iteration : -368448

degrees of freedom    (FIT_NDF)                        : 95
rms of residuals      (FIT_STDFIT) = sqrt(WSSR/ndf)    : 2.10606e+10
variance of residuals (reduced chisquare) = WSSR/ndf   : 4.43549e+20

Final set of parameters            Asymptotic Standard Error
=======================            ==========================

a               = 99.315           +/- 35.95        (36.19%)
b               = 6.01582e-29      +/- 2.078e-27    (3454%)
c               = 100              +/- 6.629e+11    (6.629e+11%)
d               = 2                +/- 4.386e+09    (2.193e+11%)
e               = 100              +/- 6.667e+11    (6.667e+11%)
f               = 3                +/- 2.638e+09    (8.793e+10%)


correlation matrix of the fit parameters:

               a      b      c      d      e      f      
a               1.000 
b              -1.000  1.000 
c               0.460 -0.462  1.000 
d               0.443 -0.445  0.999  1.000 
e              -0.459  0.461 -1.000 -0.999  1.000 
f               0.470 -0.472  1.000  0.997 -1.000  1.000 


*******************************************************************************
Thu Feb  2 17:51:54 2012


FIT:    data read from "gnuplot.data"
        format = z
	y range restricted to [1.00000 : 2.50000]
        #datapoints = 101
        residuals are weighted equally (unit weight)

function used for fitting: f(x)
fitted parameters initialized with current variable values



 Iteration 0
 WSSR        : 4.21372e+22       delta(WSSR)/WSSR   : 0
 delta(WSSR) : 0                 limit for stopping : 1e-05
 lambda	  : 1.38612e+38

initial set of free parameter values

a               = 99.315
b               = 6.01582e-29
c               = 100
d               = 2
e               = 100
f               = 3

After 1 iterations the fit converged.
final sum of squares of residuals : 1.14364e+17
rel. change during last iteration : -368448

degrees of freedom    (FIT_NDF)                        : 95
rms of residuals      (FIT_STDFIT) = sqrt(WSSR/ndf)    : 3.46962e+07
variance of residuals (reduced chisquare) = WSSR/ndf   : 1.20383e+15

Final set of parameters            Asymptotic Standard Error
=======================            ==========================

a               = 99.315           +/- 35.94        (36.19%)
b               = 9.91066e-32      +/- 3.795e-33    (0%)
c               = 100              +/- 1.092e+09    (1.092e+09%)
d               = 2                +/- 7.224e+06    (3.612e+08%)
e               = 100              +/- 1.098e+09    (1.098e+09%)
f               = 3                +/- 4.345e+06    (1.448e+08%)


correlation matrix of the fit parameters:

               a      b      c      d      e      f      
a               1.000 
b              -1.000  1.000 
c               0.460 -0.462  1.000 
d               0.443 -0.445  0.999  1.000 
e              -0.459  0.461 -1.000 -0.999  1.000 
f               0.470 -0.472  1.000  0.997 -1.000  1.000 


*******************************************************************************
Thu Feb  2 17:51:54 2012


FIT:    data read from "gnuplot.data"
        format = z
	y range restricted to [1.00000 : 2.50000]
        #datapoints = 101
        residuals are weighted equally (unit weight)

function used for fitting: f(x)
fitted parameters initialized with current variable values



 Iteration 0
 WSSR        : 1.14364e+17       delta(WSSR)/WSSR   : 0
 delta(WSSR) : 0                 limit for stopping : 1e-05
 lambda	  : 1.25013e+41

initial set of free parameter values

a               = 99.315
b               = 9.91066e-32
c               = 100
d               = 2
e               = 100
f               = 3

After 1 iterations the fit converged.
final sum of squares of residuals : 1.14111e+17
rel. change during last iteration : -0.00221759

degrees of freedom    (FIT_NDF)                        : 95
rms of residuals      (FIT_STDFIT) = sqrt(WSSR/ndf)    : 3.46578e+07
variance of residuals (reduced chisquare) = WSSR/ndf   : 1.20116e+15

Final set of parameters            Asymptotic Standard Error
=======================            ==========================

a               = 99.315           +/- 35.94        (36.19%)
b               = 9.89969e-32      +/- 3.79e-33     (0%)
c               = 100              +/- 1.091e+09    (1.091e+09%)
d               = 2                +/- 7.216e+06    (3.608e+08%)
e               = 100              +/- 1.097e+09    (1.097e+09%)
f               = 3                +/- 4.34e+06     (1.447e+08%)


correlation matrix of the fit parameters:

               a      b      c      d      e      f      
a               1.000 
b              -1.000  1.000 
c               0.460 -0.462  1.000 
d               0.443 -0.445  0.999  1.000 
e              -0.459  0.461 -1.000 -0.999  1.000 
f               0.470 -0.472  1.000  0.997 -1.000  1.000 


*******************************************************************************
Thu Feb  2 17:51:54 2012


FIT:    data read from "gnuplot.data"
        format = z
	y range restricted to [1.00000 : 2.50000]
        #datapoints = 101
        residuals are weighted equally (unit weight)

function used for fitting: f(x)
fitted parameters initialized with current variable values



 Iteration 0
 WSSR        : 1.14111e+17       delta(WSSR)/WSSR   : 0
 delta(WSSR) : 0                 limit for stopping : 1e-05
 lambda	  : 1.25029e+41

initial set of free parameter values

a               = 99.315
b               = 9.89969e-32
c               = 100
d               = 2
e               = 100
f               = 3

After 1 iterations the fit converged.
final sum of squares of residuals : 1.13858e+17
rel. change during last iteration : -0.00221732

degrees of freedom    (FIT_NDF)                        : 95
rms of residuals      (FIT_STDFIT) = sqrt(WSSR/ndf)    : 3.46195e+07
variance of residuals (reduced chisquare) = WSSR/ndf   : 1.19851e+15

Final set of parameters            Asymptotic Standard Error
=======================            ==========================

a               = 99.315           +/- 35.94        (36.19%)
b               = 9.88874e-32      +/- 3.785e-33    (0%)
c               = 100              +/- 1.089e+09    (1.089e+09%)
d               = 2                +/- 7.208e+06    (3.604e+08%)
e               = 100              +/- 1.096e+09    (1.096e+09%)
f               = 3                +/- 4.335e+06    (1.445e+08%)


correlation matrix of the fit parameters:

               a      b      c      d      e      f      
a               1.000 
b              -1.000  1.000 
c               0.460 -0.462  1.000 
d               0.443 -0.445  0.999  1.000 
e              -0.459  0.461 -1.000 -0.999  1.000 
f               0.470 -0.472  1.000  0.997 -1.000  1.000 


*******************************************************************************
Thu Feb  2 17:51:55 2012


FIT:    data read from "gnuplot.data"
        format = z
	y range restricted to [1.00000 : 2.50000]
        #datapoints = 101
        residuals are weighted equally (unit weight)

function used for fitting: f(x)
fitted parameters initialized with current variable values



 Iteration 0
 WSSR        : 1.13858e+17       delta(WSSR)/WSSR   : 0
 delta(WSSR) : 0                 limit for stopping : 1e-05
 lambda	  : 1.25044e+41

initial set of free parameter values

a               = 99.315
b               = 9.88874e-32
c               = 100
d               = 2
e               = 100
f               = 3

After 1 iterations the fit converged.
final sum of squares of residuals : 1.13606e+17
rel. change during last iteration : -0.00221705

degrees of freedom    (FIT_NDF)                        : 95
rms of residuals      (FIT_STDFIT) = sqrt(WSSR/ndf)    : 3.45811e+07
variance of residuals (reduced chisquare) = WSSR/ndf   : 1.19586e+15

Final set of parameters            Asymptotic Standard Error
=======================            ==========================

a               = 99.315           +/- 35.94        (36.19%)
b               = 9.87779e-32      +/- 3.781e-33    (0%)
c               = 100              +/- 1.088e+09    (1.088e+09%)
d               = 2                +/- 7.2e+06      (3.6e+08%)
e               = 100              +/- 1.095e+09    (1.095e+09%)
f               = 3                +/- 4.33e+06     (1.443e+08%)


correlation matrix of the fit parameters:

               a      b      c      d      e      f      
a               1.000 
b              -1.000  1.000 
c               0.460 -0.462  1.000 
d               0.443 -0.445  0.999  1.000 
e              -0.459  0.461 -1.000 -0.999  1.000 
f               0.470 -0.472  1.000  0.997 -1.000  1.000 


*******************************************************************************
Thu Feb  2 17:51:55 2012


FIT:    data read from "gnuplot.data"
        format = z
	y range restricted to [1.00000 : 2.50000]
        #datapoints = 101
        residuals are weighted equally (unit weight)

function used for fitting: f(x)
fitted parameters initialized with current variable values



 Iteration 0
 WSSR        : 1.13606e+17       delta(WSSR)/WSSR   : 0
 delta(WSSR) : 0                 limit for stopping : 1e-05
 lambda	  : 1.25059e+41

initial set of free parameter values

a               = 99.315
b               = 9.87779e-32
c               = 100
d               = 2
e               = 100
f               = 3

After 1 iterations the fit converged.
final sum of squares of residuals : 1.13355e+17
rel. change during last iteration : -0.00221678

degrees of freedom    (FIT_NDF)                        : 95
rms of residuals      (FIT_STDFIT) = sqrt(WSSR/ndf)    : 3.45429e+07
variance of residuals (reduced chisquare) = WSSR/ndf   : 1.19321e+15

Final set of parameters            Asymptotic Standard Error
=======================            ==========================

a               = 99.315           +/- 35.94        (36.19%)
b               = 9.86686e-32      +/- 3.776e-33    (0%)
c               = 100              +/- 1.087e+09    (1.087e+09%)
d               = 2                +/- 7.192e+06    (3.596e+08%)
e               = 100              +/- 1.093e+09    (1.093e+09%)
f               = 3                +/- 4.326e+06    (1.442e+08%)


correlation matrix of the fit parameters:

               a      b      c      d      e      f      
a               1.000 
b              -1.000  1.000 
c               0.460 -0.462  1.000 
d               0.443 -0.445  0.999  1.000 
e              -0.459  0.461 -1.000 -0.999  1.000 
f               0.470 -0.472  1.000  0.997 -1.000  1.000 


*******************************************************************************
Thu Feb  2 17:51:55 2012


FIT:    data read from "gnuplot.data"
        format = z
	y range restricted to [1.00000 : 2.50000]
        #datapoints = 101
        residuals are weighted equally (unit weight)

function used for fitting: f(x)
fitted parameters initialized with current variable values



 Iteration 0
 WSSR        : 1.13355e+17       delta(WSSR)/WSSR   : 0
 delta(WSSR) : 0                 limit for stopping : 1e-05
 lambda	  : 1.25074e+41

initial set of free parameter values

a               = 99.315
b               = 9.86686e-32
c               = 100
d               = 2
e               = 100
f               = 3

After 1 iterations the fit converged.
final sum of squares of residuals : 1.13104e+17
rel. change during last iteration : -0.00221651

degrees of freedom    (FIT_NDF)                        : 95
rms of residuals      (FIT_STDFIT) = sqrt(WSSR/ndf)    : 3.45047e+07
variance of residuals (reduced chisquare) = WSSR/ndf   : 1.19057e+15

Final set of parameters            Asymptotic Standard Error
=======================            ==========================

a               = 99.315           +/- 35.94        (36.19%)
b               = 9.85595e-32      +/- 3.771e-33    (0%)
c               = 100              +/- 1.086e+09    (1.086e+09%)
d               = 2                +/- 7.184e+06    (3.592e+08%)
e               = 100              +/- 1.092e+09    (1.092e+09%)
f               = 3                +/- 4.321e+06    (1.44e+08%)


correlation matrix of the fit parameters:

               a      b      c      d      e      f      
a               1.000 
b              -1.000  1.000 
c               0.460 -0.462  1.000 
d               0.443 -0.445  0.999  1.000 
e              -0.459  0.461 -1.000 -0.999  1.000 
f               0.470 -0.472  1.000  0.997 -1.000  1.000 


*******************************************************************************
Thu Feb  2 17:51:55 2012


FIT:    data read from "gnuplot.data"
        format = z
	y range restricted to [1.00000 : 2.50000]
        #datapoints = 101
        residuals are weighted equally (unit weight)

function used for fitting: f(x)
fitted parameters initialized with current variable values



 Iteration 0
 WSSR        : 1.13104e+17       delta(WSSR)/WSSR   : 0
 delta(WSSR) : 0                 limit for stopping : 1e-05
 lambda	  : 1.25089e+41

initial set of free parameter values

a               = 99.315
b               = 9.85595e-32
c               = 100
d               = 2
e               = 100
f               = 3

After 1 iterations the fit converged.
final sum of squares of residuals : 1.12854e+17
rel. change during last iteration : -0.00221624

degrees of freedom    (FIT_NDF)                        : 95
rms of residuals      (FIT_STDFIT) = sqrt(WSSR/ndf)    : 3.44665e+07
variance of residuals (reduced chisquare) = WSSR/ndf   : 1.18794e+15

Final set of parameters            Asymptotic Standard Error
=======================            ==========================

a               = 99.315           +/- 35.94        (36.19%)
b               = 9.84504e-32      +/- 3.767e-33    (0%)
c               = 100              +/- 1.085e+09    (1.085e+09%)
d               = 2                +/- 7.176e+06    (3.588e+08%)
e               = 100              +/- 1.091e+09    (1.091e+09%)
f               = 3                +/- 4.316e+06    (1.439e+08%)


correlation matrix of the fit parameters:

               a      b      c      d      e      f      
a               1.000 
b              -1.000  1.000 
c               0.460 -0.462  1.000 
d               0.443 -0.445  0.999  1.000 
e              -0.459  0.461 -1.000 -0.999  1.000 
f               0.470 -0.472  1.000  0.997 -1.000  1.000 


*******************************************************************************
Thu Feb  2 17:51:56 2012


FIT:    data read from "gnuplot.data"
        format = z
	y range restricted to [1.00000 : 2.50000]
        #datapoints = 101
        residuals are weighted equally (unit weight)

function used for fitting: f(x)
fitted parameters initialized with current variable values



 Iteration 0
 WSSR        : 1.12854e+17       delta(WSSR)/WSSR   : 0
 delta(WSSR) : 0                 limit for stopping : 1e-05
 lambda	  : 1.25104e+41

initial set of free parameter values

a               = 99.315
b               = 9.84504e-32
c               = 100
d               = 2
e               = 100
f               = 3

After 1 iterations the fit converged.
final sum of squares of residuals : 1.12605e+17
rel. change during last iteration : -0.00221597

degrees of freedom    (FIT_NDF)                        : 95
rms of residuals      (FIT_STDFIT) = sqrt(WSSR/ndf)    : 3.44284e+07
variance of residuals (reduced chisquare) = WSSR/ndf   : 1.18531e+15

Final set of parameters            Asymptotic Standard Error
=======================            ==========================

a               = 99.315           +/- 35.94        (36.19%)
b               = 9.83415e-32      +/- 3.762e-33    (0%)
c               = 100              +/- 1.083e+09    (1.083e+09%)
d               = 2                +/- 7.169e+06    (3.584e+08%)
e               = 100              +/- 1.09e+09     (1.09e+09%)
f               = 3                +/- 4.311e+06    (1.437e+08%)


correlation matrix of the fit parameters:

               a      b      c      d      e      f      
a               1.000 
b              -1.000  1.000 
c               0.460 -0.462  1.000 
d               0.443 -0.445  0.999  1.000 
e              -0.459  0.461 -1.000 -0.999  1.000 
f               0.470 -0.472  1.000  0.997 -1.000  1.000 


*******************************************************************************
Thu Feb  2 17:51:57 2012


FIT:    data read from "gnuplot.data"
        format = z
	y range restricted to [1.00000 : 2.50000]
        #datapoints = 101
        residuals are weighted equally (unit weight)

function used for fitting: f(x)
fitted parameters initialized with current variable values



 Iteration 0
 WSSR        : 1.12605e+17       delta(WSSR)/WSSR   : 0
 delta(WSSR) : 0                 limit for stopping : 1e-05
 lambda	  : 1.25119e+41

initial set of free parameter values

a               = 99.315
b               = 9.83415e-32
c               = 100
d               = 2
e               = 100
f               = 3

After 1 iterations the fit converged.
final sum of squares of residuals : 1.12356e+17
rel. change during last iteration : -0.0022157

degrees of freedom    (FIT_NDF)                        : 95
rms of residuals      (FIT_STDFIT) = sqrt(WSSR/ndf)    : 3.43903e+07
variance of residuals (reduced chisquare) = WSSR/ndf   : 1.18269e+15

Final set of parameters            Asymptotic Standard Error
=======================            ==========================

a               = 99.315           +/- 35.94        (36.19%)
b               = 9.82327e-32      +/- 3.758e-33    (0%)
c               = 100              +/- 1.082e+09    (1.082e+09%)
d               = 2                +/- 7.161e+06    (3.58e+08%)
e               = 100              +/- 1.088e+09    (1.088e+09%)
f               = 3                +/- 4.307e+06    (1.436e+08%)


correlation matrix of the fit parameters:

               a      b      c      d      e      f      
a               1.000 
b              -1.000  1.000 
c               0.460 -0.462  1.000 
d               0.443 -0.445  0.999  1.000 
e              -0.459  0.461 -1.000 -0.999  1.000 
f               0.470 -0.472  1.000  0.997 -1.000  1.000 


*******************************************************************************
Thu Feb  2 17:51:57 2012


FIT:    data read from "gnuplot.data"
        format = z
	y range restricted to [1.00000 : 2.50000]
        #datapoints = 101
        residuals are weighted equally (unit weight)

function used for fitting: f(x)
fitted parameters initialized with current variable values



 Iteration 0
 WSSR        : 1.12356e+17       delta(WSSR)/WSSR   : 0
 delta(WSSR) : 0                 limit for stopping : 1e-05
 lambda	  : 1.25135e+41

initial set of free parameter values

a               = 99.315
b               = 9.82327e-32
c               = 100
d               = 2
e               = 100
f               = 3

After 1 iterations the fit converged.
final sum of squares of residuals : 1.12107e+17
rel. change during last iteration : -0.00221544

degrees of freedom    (FIT_NDF)                        : 95
rms of residuals      (FIT_STDFIT) = sqrt(WSSR/ndf)    : 3.43523e+07
variance of residuals (reduced chisquare) = WSSR/ndf   : 1.18008e+15

Final set of parameters            Asymptotic Standard Error
=======================            ==========================

a               = 99.315           +/- 35.94        (36.19%)
b               = 9.81241e-32      +/- 3.753e-33    (0%)
c               = 100              +/- 1.081e+09    (1.081e+09%)
d               = 2                +/- 7.153e+06    (3.576e+08%)
e               = 100              +/- 1.087e+09    (1.087e+09%)
f               = 3                +/- 4.302e+06    (1.434e+08%)


correlation matrix of the fit parameters:

               a      b      c      d      e      f      
a               1.000 
b              -1.000  1.000 
c               0.460 -0.462  1.000 
d               0.443 -0.445  0.999  1.000 
e              -0.459  0.461 -1.000 -0.999  1.000 
f               0.470 -0.472  1.000  0.997 -1.000  1.000 


*******************************************************************************
Thu Feb  2 17:53:03 2012


FIT:    data read from "gnuplot.data"
        format = z
	y range restricted to [1.00000 : 2.50000]
        #datapoints = 101
        residuals are weighted equally (unit weight)

function used for fitting: f(x)
fitted parameters initialized with current variable values

BREAK:          Undefined value during function evaluation



*******************************************************************************
Thu Feb  2 17:53:39 2012


FIT:    data read from "gnuplot.data"
        format = z
	y range restricted to [1.00100 : 2.50000]
        #datapoints = 100
        residuals are weighted equally (unit weight)

function used for fitting: f(x)
fitted parameters initialized with current variable values



 Iteration 0
 WSSR        : 9.55196e+34       delta(WSSR)/WSSR   : 0
 delta(WSSR) : 0                 limit for stopping : 1e-05
 lambda	  : 1.36539e+16

initial set of free parameter values

a               = 99.315
b               = -1
c               = 100
d               = -2
e               = -3
f               = 3

After 5 iterations the fit converged.
final sum of squares of residuals : 8.12589e+12
rel. change during last iteration : -2.23455e-10

degrees of freedom    (FIT_NDF)                        : 94
rms of residuals      (FIT_STDFIT) = sqrt(WSSR/ndf)    : 294016
variance of residuals (reduced chisquare) = WSSR/ndf   : 8.64456e+10

Final set of parameters            Asymptotic Standard Error
=======================            ==========================

a               = 98.9543          +/- 5.782e+06    (5.843e+06%)
b               = -1.02611e-16     +/- 2.458e-10    (2.396e+08%)
c               = 100              +/- 223.1        (223.1%)
d               = -2               +/- 0.4391       (21.96%)
e               = -3               +/- 5.88e+04     (1.96e+06%)
f               = 3                +/- 7.758e+04    (2.586e+06%)


correlation matrix of the fit parameters:

               a      b      c      d      e      f      
a               1.000 
b               1.000  1.000 
c              -0.004 -0.004  1.000 
d              -0.004 -0.004  0.999  1.000 
e               0.068  0.069 -0.013 -0.013  1.000 
f               0.405  0.407 -0.013 -0.013  0.758  1.000 


*******************************************************************************
Thu Feb  2 17:54:14 2012


FIT:    data read from "gnuplot.data"
        format = z
	y range restricted to [1.00100 : 2.50000]
        #datapoints = 100
        residuals are weighted equally (unit weight)

function used for fitting: f(x)
fitted parameters initialized with current variable values



 Iteration 0
 WSSR        : 8.12589e+12       delta(WSSR)/WSSR   : 0
 delta(WSSR) : 0                 limit for stopping : 1e-05
 lambda	  : 1.09014e+16

initial set of free parameter values

a               = 98.9543
b               = -1.02611e-16
c               = 100
d               = -2
e               = -3
f               = 3

After 1 iterations the fit converged.
final sum of squares of residuals : 8.12589e+12
rel. change during last iteration : 0

degrees of freedom    (FIT_NDF)                        : 94
rms of residuals      (FIT_STDFIT) = sqrt(WSSR/ndf)    : 294016
variance of residuals (reduced chisquare) = WSSR/ndf   : 8.64456e+10

Final set of parameters            Asymptotic Standard Error
=======================            ==========================

a               = 98.9543          +/- 5.782e+06    (5.843e+06%)
b               = -1.02611e-16     +/- 2.458e-10    (2.396e+08%)
c               = 100              +/- 223.1        (223.1%)
d               = -2               +/- 0.4391       (21.96%)
e               = -3               +/- 5.88e+04     (1.96e+06%)
f               = 3                +/- 7.758e+04    (2.586e+06%)


correlation matrix of the fit parameters:

               a      b      c      d      e      f      
a               1.000 
b               1.000  1.000 
c              -0.004 -0.004  1.000 
d              -0.004 -0.004  0.999  1.000 
e               0.068  0.069 -0.013 -0.013  1.000 
f               0.405  0.407 -0.013 -0.013  0.758  1.000 


*******************************************************************************
Thu Feb  2 17:54:34 2012


FIT:    data read from "gnuplot.data"
        format = z
	y range restricted to [1.00100 : 2.50000]
        #datapoints = 100
        residuals are weighted equally (unit weight)

function used for fitting: f(x)
fitted parameters initialized with current variable values



 Iteration 0
 WSSR        : 6.44605e+08       delta(WSSR)/WSSR   : 0
 delta(WSSR) : 0                 limit for stopping : 1e-05
 lambda	  : 6.48068e+18

initial set of free parameter values

a               = 98.9543
b               = -1.02611e-16
c               = 100
d               = -2
e               = -3
f               = 3

After 2 iterations the fit converged.
final sum of squares of residuals : 3.79911e+08
rel. change during last iteration : -1.92891e-06

degrees of freedom    (FIT_NDF)                        : 94
rms of residuals      (FIT_STDFIT) = sqrt(WSSR/ndf)    : 2010.38
variance of residuals (reduced chisquare) = WSSR/ndf   : 4.04161e+06

Final set of parameters            Asymptotic Standard Error
=======================            ==========================

a               = 98.9543          +/- 5.014e+04    (5.067e+04%)
b               = -1.22742e-19     +/- 2.964e-15    (2.415e+06%)
c               = 100              +/- 69.82        (69.82%)
d               = -2               +/- 0.3479       (17.4%)
e               = -3               +/- 408.8        (1.363e+04%)
f               = 3                +/- 441.2        (1.471e+04%)


correlation matrix of the fit parameters:

               a      b      c      d      e      f      
a               1.000 
b               1.000  1.000 
c              -0.101 -0.101  1.000 
d              -0.098 -0.098  0.991  1.000 
e               0.163  0.164 -0.385 -0.377  1.000 
f               0.404  0.406 -0.355 -0.346  0.859  1.000 


*******************************************************************************
Thu Feb  2 17:54:41 2012


FIT:    data read from "gnuplot.data"
        format = z
	y range restricted to [1.00100 : 2.50000]
        #datapoints = 100
        residuals are weighted equally (unit weight)

function used for fitting: f(x)
fitted parameters initialized with current variable values



 Iteration 0
 WSSR        : 3.79911e+08       delta(WSSR)/WSSR   : 0
 delta(WSSR) : 0                 limit for stopping : 1e-05
 lambda	  : 6.48068e+18

initial set of free parameter values

a               = 98.9543
b               = -1.22742e-19
c               = 100
d               = -2
e               = -3
f               = 3

After 1 iterations the fit converged.
final sum of squares of residuals : 3.79911e+08
rel. change during last iteration : -6.27564e-16

degrees of freedom    (FIT_NDF)                        : 94
rms of residuals      (FIT_STDFIT) = sqrt(WSSR/ndf)    : 2010.38
variance of residuals (reduced chisquare) = WSSR/ndf   : 4.04161e+06

Final set of parameters            Asymptotic Standard Error
=======================            ==========================

a               = 98.9543          +/- 5.014e+04    (5.067e+04%)
b               = -1.22739e-19     +/- 2.964e-15    (2.415e+06%)
c               = 100              +/- 69.82        (69.82%)
d               = -2               +/- 0.3479       (17.4%)
e               = -3               +/- 408.8        (1.363e+04%)
f               = 3                +/- 441.2        (1.471e+04%)


correlation matrix of the fit parameters:

               a      b      c      d      e      f      
a               1.000 
b               1.000  1.000 
c              -0.101 -0.101  1.000 
d              -0.098 -0.098  0.991  1.000 
e               0.163  0.164 -0.385 -0.377  1.000 
f               0.404  0.406 -0.355 -0.346  0.859  1.000 
